<?xml version="1.0" encoding="UTF-8"?>
<!-- Generated by org.testng.reporters.JUnitXMLReporter -->
<testsuite ignored="0" hostname="DESKTOP-RK577T0" failures="1" tests="1" name="Test" time="14.278" errors="0" timestamp="2022-08-09T15:14:08 IST">
  <testcase classname="com.crm.Sdet.organisation.CreateOrganisationTest" name="CreateOrganisation" time="6.956">
    <failure type="java.lang.AssertionError" message="expected [false] but found [true]">
      <![CDATA[java.lang.AssertionError: expected [false] but found [true]
at com.crm.Sdet.organisation.CreateOrganisationTest.CreateOrganisation(CreateOrganisationTest.java:38)
at java.base/java.util.ArrayList.forEach(ArrayList.java:1511)
... Removed 33 stack frames]]>
    </failure>
  </testcase> <!-- CreateOrganisation -->
</testsuite> <!-- Test -->
